-------------
Duky|Omaha
Amity|Omaha
Elena|Omaha
Lynn|Omaha
Valentijn|Omaha
-------------
Paddy|Abrehart|19
Alina|Adanez|20
Bax|Aldrin|28
Ivett|Aristide|21
Waylin|Assel|26
Hayward|Autrie|25
Howey|Bantock|22
Shandra|Beadon|24
Linea|Beesey|26
Konstantin|Birds|22
Ariella|Birt|20
Husain|Booth|29
Meir|Brake|18
Ian|Bretherick|23
Renee|Brobyn|21
Linn|Brodley|24
Philippa|Canfield|18
Denis|Caplen|29
Sorcha|Casewell|22
Royal|Cass|27
Deny|Chattock|29
Jeffry|Christopherson|27
Larina|Coate|29
Tally|Cobbald|25
Aretha|Cosgrive|22
Wolfy|Courson|20
Maurise|Crick|27
Zulema|Cringle|25
Judith|Crucetti|21
Robinet|Culross|21
Byrann|Darmody|29
Mateo|Davioud|25
Tymothy|Demetr|25
Livvie|Dible|21
Jill|Domenico|18
Berne|Dougal|28
Olvan|Ducker|24
Eward|Eason|28
Osborne|Easson|25
Emmery|Edgeley|27
Chelsy|Everex|28
Irving|Feveryear|18
Sarine|Ghion|25
Marylinda|Girdlestone|28
Paddie|Goucher|21
Raf|Gowrich|26
Katlin|Griffey|25
Cinderella|Guilder|18
Isador|Guitton|24
Virgilio|Guly|22
Mariquilla|Gwyllt|18
Karina|Habert|24
Margareta|Hammerstone|26
Barbi|Haston|26
Kizzie|Hawkin|18
Law|Hurt|23
Elga|Iacovielli|25
Tabor|Illesley|25
Irvin|Ilyenko|18
Grenville|Instone|25
Silvain|Jinkin|28
Flori|Jirasek|26
Filbert|Josovitz|22
Hank|Keenan|28
Cristina|King|19
Markus|Klesel|20
Denis|Knight|27
Ania|Knottley|18
Cornie|Knowlton|23
Mohandas|Lage|22
Richmond|Laste|27
Tatiana|Leaf|18
Wittie|Lemon|22
Emmalynn|Leven|24
Carlos|Lupton|28
Pierette|Lyston|29
Basia|Lytlle|21
Eric|M'cowis|23
Vicky|Matitiaho|18
Fayre|Mayte|28
Calv|Naerup|21
Carena|Nibley|26
Corbet|Niess|18
Noella|O'Hickee|18
Inglis|Pedron|25
Beverlee|Phare|23
Mildrid|Podd|26
Oswald|Rathbourne|27
Alvis|Ratledge|21
Goober|Reding|22
Zach|Renner|25
Walsh|Ricarde|19
Anthe|Ritter|27
Tamarah|Rockhill|25
Oswell|Ruckert|27
Jabez|Servante|22
Justino|Shearmur|22
Eveline|Skeermor|18
Pattie|Skoyles|19
Lambert|Snelle|28
Thedric|Stagge|24
Sasha|Stickley|27
Eal|Swoffer|29
Ilyse|Symper|23
Juliann|Taft|20
Jason|Teanby|20
Babbette|Timberlake|29
Kerstin|Tolefree|20
Jennica|Totman|18
Zared|Towers|29
Rubin|Treppas|20
Sheffield|Tullis|24
Krissy|Urrey|26
Krystle|Varah|18
Avrom|Veeler|25
Demetria|Venner|20
Julienne|Wearne|23
Frankie|Wewell|25
Gabi|Wilber|22
Huey|Worner|19
-------------
Tawsha|Alberts|Female|Rev
Karoline|Allmann|Female|Rev
Linette|Amis|Female|Rev
Karalynn|Boniface|Female|Rev
Kristien|Broschek|Female|Rev
Philippa|Canfield|Female|Rev
Avis|Castenda|Female|Rev
Kaycee|Causey|Female|Rev
Keelia|Cawcutt|Female|Rev
Mikaela|Chown|Female|Rev
Larina|Coate|Female|Rev
Delilah|Cockshot|Female|Rev
Karin|Cowling|Female|Rev
Kendre|Dewan|Female|Rev
Hadria|Dripps|Female|Rev
Caryl|Dunbavin|Female|Rev
Hedvig|Edelmann|Female|Rev
Gray|Flores|Female|Rev
Lurleen|Fosberry|Female|Rev
Trista|Goadbie|Female|Rev
Helen-elizabeth|Goff|Female|Rev
Hazel|Gotmann|Female|Rev
Jo-ann|Grieve|Female|Rev
Daria|Hamsher|Female|Rev
Trudie|Haucke|Female|Rev
Kizzie|Hawkin|Female|Rev
Marlena|Hearnshaw|Female|Rev
Caroljean|Hector|Female|Rev
Elsey|Hollyman|Female|Rev
Ferdinande|Huffa|Female|Rev
Elga|Iacovielli|Female|Rev
Charmain|Ilbert|Female|Rev
Linet|Jacquemy|Female|Rev
Milicent|Joselevitz|Female|Rev
Lyndsay|Kieran|Female|Rev
Brita|Kiff|Female|Rev
Corri|Klement|Female|Rev
Carmencita|Kohen|Female|Rev
Janina|Lansdowne|Female|Rev
Chiarra|Larkings|Female|Rev
Tracey|Leydon|Female|Rev
Rozina|Lindblad|Female|Rev
Danielle|Lucken|Female|Rev
Midge|MacFaell|Female|Rev
Brena|MacNockater|Female|Rev
Demetris|Makepeace|Female|Rev
Katey|Manilove|Female|Rev
Geraldine|Martins|Female|Rev
Sunny|McAllister|Female|Rev
Felipa|McCraine|Female|Rev
Sophi|McTrustrie|Female|Rev
Robena|Micallef|Female|Rev
Karla|Muddimer|Female|Rev
Lois|Muggleston|Female|Rev
Kim|Murton|Female|Rev
Anne-marie|O'Flannery|Female|Rev
Mercy|Olesen|Female|Rev
Suzanne|Peers|Female|Rev
Claudette|Poor|Female|Rev
Florentia|Priditt|Female|Rev
Gwendolyn|Ramalhete|Female|Rev
Hedvige|Reubbens|Female|Rev
Jaimie|Revance|Female|Rev
Tamarah|Rockhill|Female|Rev
Clemmie|Safell|Female|Rev
Deeann|Schriren|Female|Rev
Jennica|Slader|Female|Rev
Carmela|Sonley|Female|Rev
Martynne|Staynes|Female|Rev
Georgianne|Thrasher|Female|Rev
Persis|Tiddeman|Female|Rev
Babbette|Timberlake|Female|Rev
Jennica|Totman|Female|Rev
Talyah|Trubshawe|Female|Rev
Aryn|Truckett|Female|Rev
Lorelei|Twinterman|Female|Rev
Lena|Tyndall|Female|Rev
Krissy|Urrey|Female|Rev
Lizbeth|Van der Baaren|Female|Rev
Lise|Venner|Female|Rev
Nicolle|Vosse|Female|Rev
Kathrine|Wanne|Female|Rev
Annora|Wegenen|Female|Rev
Gretel|Wethered|Female|Rev
Chiquia|Whiten|Female|Rev
-------------
Corbet|Niess
Noella|O'Hickee
Vicky|Matitiaho
Jill|Domenico
Irving|Feveryear
Cinderella|Guilder
Meir|Brake
Mariquilla|Gwyllt
Krystle|Varah
Philippa|Canfield
Irvin|Ilyenko
Kizzie|Hawkin
Eveline|Skeermor
Ania|Knottley
Jennica|Totman
Tatiana|Leaf
-------------
Josephine|Smiths
-------------
is.gd
msn.com
amazon.com
dyndns.org
-------------
8
changes:   0   total_changes: 0
6
changes:   0   total_changes: 0
changes:   8   total_changes: 8
0
changes:   8   total_changes: 8
14
changes:   8   total_changes: 8
-------------
32
84
83
71
24
81
64
44
105
38
100
30
108
58
59
57
36
68
102
78
104
91
26
86
90
47
65
94
40
39
85
110
changes:   8   total_changes: 8
changes:  43   total_changes: 51
18
changes:  43   total_changes: 51
-------------
changes:  28   total_changes: 79
-------------
changes:   1   total_changes: 80
-------------
